2025-03-15 13:43:01 - reminderbot - INFO - Connected to database successfully
2025-03-15 13:43:01 - reminderbot - INFO - Database tables created successfully
2025-03-15 13:43:02 - reminderbot - INFO - All handlers registered successfully
2025-03-15 13:43:02 - reminderbot - INFO - ReminderBot application initialized successfully
2025-03-15 13:43:02 - reminderbot - INFO - ReminderBot initialized, starting polling...
2025-03-15 13:43:02 - reminderbot - INFO - Starting ReminderBot...
2025-03-15 13:43:04 - reminderbot - INFO - Notification manager started
2025-03-15 13:43:04 - reminderbot - INFO - Notification manager started
2025-03-15 13:43:04 - reminderbot - INFO - Retrieved 0 users from database
2025-03-15 13:43:23 - reminderbot - INFO - User 6948701150 added/updated successfully
2025-03-15 13:43:24 - reminderbot - INFO - User 6948701150 (Luck) started the bot
2025-03-15 13:43:36 - reminderbot - INFO - User 6948701150 started add_reminder via callback
2025-03-15 13:43:50 - reminderbot - INFO - User 6948701150 entered reminder title: dentist stuff
2025-03-15 13:44:01 - reminderbot - INFO - User 6948701150 entered reminder description
2025-03-15 13:44:04 - reminderbot - INFO - Retrieved 1 users from database
2025-03-15 13:44:04 - reminderbot - INFO - Retrieved 0 due reminders for user 6948701150
2025-03-15 13:44:09 - reminderbot - INFO - User 6948701150 entered due date: No due date
2025-03-15 13:44:14 - reminderbot - INFO - User 6948701150 selected category Personal for new reminder
2025-03-15 13:44:17 - reminderbot - INFO - User 6948701150 selected priority high for new reminder
2025-03-15 13:44:18 - reminderbot - INFO - Reminder 1 added successfully for user 6948701150
2025-03-15 13:44:19 - reminderbot - INFO - User 6948701150 created reminder 1: dentist stuff
2025-03-15 13:44:32 - reminderbot - INFO - Retrieved 1 reminders for user 6948701150
2025-03-15 13:44:32 - reminderbot - INFO - User 6948701150 listed 1 reminders via callback
2025-03-15 13:44:35 - reminderbot - INFO - User 6948701150 returned to main menu
2025-03-15 13:44:37 - reminderbot - INFO - User 6948701150 opened settings menu
2025-03-15 13:45:02 - reminderbot - INFO - User 6948701150 returned to main menu
2025-03-15 13:45:04 - reminderbot - INFO - Retrieved 1 users from database
2025-03-15 13:45:04 - reminderbot - INFO - Retrieved 0 due reminders for user 6948701150
2025-03-15 13:45:06 - reminderbot - INFO - Retrieved 1 reminders for user 6948701150
2025-03-15 13:45:07 - reminderbot - INFO - User 6948701150 requested flashlist via callback with 1 reminders
2025-03-15 13:45:15 - reminderbot - INFO - User 6948701150 opened settings menu
2025-03-15 13:46:04 - reminderbot - INFO - Retrieved 1 users from database
2025-03-15 13:46:04 - reminderbot - INFO - Retrieved 0 due reminders for user 6948701150
2025-03-15 13:47:04 - reminderbot - INFO - Retrieved 1 users from database
2025-03-15 13:47:04 - reminderbot - INFO - Retrieved 0 due reminders for user 6948701150
2025-03-15 13:48:04 - reminderbot - INFO - Retrieved 1 users from database
2025-03-15 13:48:04 - reminderbot - INFO - Retrieved 0 due reminders for user 6948701150
2025-03-15 13:49:04 - reminderbot - INFO - Retrieved 1 users from database
2025-03-15 13:49:04 - reminderbot - INFO - Retrieved 0 due reminders for user 6948701150
2025-03-15 13:50:04 - reminderbot - INFO - Retrieved 1 users from database
2025-03-15 13:50:04 - reminderbot - INFO - Retrieved 0 due reminders for user 6948701150
2025-03-15 13:51:04 - reminderbot - INFO - Retrieved 1 users from database
2025-03-15 13:51:04 - reminderbot - INFO - Retrieved 0 due reminders for user 6948701150
2025-03-15 13:52:04 - reminderbot - INFO - Retrieved 1 users from database
2025-03-15 13:52:04 - reminderbot - INFO - Retrieved 0 due reminders for user 6948701150
2025-03-15 13:53:04 - reminderbot - INFO - Retrieved 1 users from database
2025-03-15 13:53:04 - reminderbot - INFO - Retrieved 0 due reminders for user 6948701150
2025-03-15 13:54:04 - reminderbot - INFO - Retrieved 1 users from database
2025-03-15 13:54:04 - reminderbot - INFO - Retrieved 0 due reminders for user 6948701150
2025-03-15 13:55:04 - reminderbot - INFO - Retrieved 1 users from database
2025-03-15 13:55:04 - reminderbot - INFO - Retrieved 0 due reminders for user 6948701150
2025-03-15 13:56:04 - reminderbot - INFO - Retrieved 1 users from database
2025-03-15 13:56:04 - reminderbot - INFO - Retrieved 0 due reminders for user 6948701150
2025-03-15 13:57:04 - reminderbot - INFO - Retrieved 1 users from database
2025-03-15 13:57:04 - reminderbot - INFO - Retrieved 0 due reminders for user 6948701150
2025-03-15 13:58:04 - reminderbot - INFO - Retrieved 1 users from database
2025-03-15 13:58:04 - reminderbot - INFO - Retrieved 0 due reminders for user 6948701150
2025-03-15 13:59:04 - reminderbot - INFO - Retrieved 1 users from database
2025-03-15 13:59:04 - reminderbot - INFO - Retrieved 0 due reminders for user 6948701150
2025-03-15 14:00:04 - reminderbot - INFO - Retrieved 1 users from database
2025-03-15 14:00:04 - reminderbot - INFO - Retrieved 0 due reminders for user 6948701150
2025-03-15 14:01:04 - reminderbot - INFO - Retrieved 1 users from database
2025-03-15 14:01:04 - reminderbot - INFO - Retrieved 0 due reminders for user 6948701150
2025-03-15 14:02:32 - reminderbot - INFO - Retrieved 1 users from database
2025-03-15 14:02:32 - reminderbot - INFO - Retrieved 0 due reminders for user 6948701150
2025-03-15 14:02:35 - reminderbot - INFO - User 6948701150 returned to main menu
2025-03-15 14:02:37 - reminderbot - INFO - User 6948701150 added/updated successfully
2025-03-15 14:02:38 - reminderbot - INFO - User 6948701150 (Luck) started the bot
2025-03-15 14:02:50 - reminderbot - INFO - Retrieved 1 reminders for user 6948701150
2025-03-15 14:02:50 - reminderbot - INFO - User 6948701150 requested flashlist via callback with 1 reminders
2025-03-15 14:02:54 - reminderbot - INFO - Retrieved 1 reminders for user 6948701150
2025-03-15 14:02:54 - reminderbot - INFO - User 6948701150 requested to delete a reminder via callback
2025-03-15 14:02:56 - reminderbot - INFO - User 6948701150 viewed details for reminder 1
2025-03-15 14:03:03 - reminderbot - INFO - User 6948701150 confirming deletion of reminder 1
2025-03-15 14:03:06 - reminderbot - INFO - Reminder 1 deleted successfully
2025-03-15 14:03:06 - reminderbot - INFO - User 6948701150 deleted reminder 1
2025-03-15 14:06:47 - reminderbot - INFO - User 6948701150 added/updated successfully
2025-03-15 14:06:47 - reminderbot - INFO - User 6948701150 (Luck) started the bot
2025-03-15 14:06:47 - reminderbot - INFO - User 6948701150 added/updated successfully
2025-03-15 14:06:48 - reminderbot - INFO - User 6948701150 (Luck) started the bot
2025-03-15 14:06:48 - reminderbot - INFO - User 6948701150 added/updated successfully
2025-03-15 14:06:48 - reminderbot - INFO - User 6948701150 (Luck) started the bot
2025-03-15 14:07:02 - reminderbot - INFO - Retrieved 1 users from database
2025-03-15 14:07:02 - reminderbot - INFO - Retrieved 0 due reminders for user 6948701150
2025-03-15 14:09:40 - reminderbot - INFO - Retrieved 1 users from database
2025-03-15 14:09:40 - reminderbot - INFO - Retrieved 0 due reminders for user 6948701150
2025-03-15 14:13:48 - reminderbot - INFO - Retrieved 1 users from database
2025-03-15 14:13:48 - reminderbot - INFO - Retrieved 0 due reminders for user 6948701150
2025-03-15 14:22:58 - reminderbot - INFO - Retrieved 1 users from database
2025-03-15 14:22:58 - reminderbot - INFO - Retrieved 0 due reminders for user 6948701150
2025-03-15 14:23:58 - reminderbot - INFO - Retrieved 1 users from database
2025-03-15 14:23:58 - reminderbot - INFO - Retrieved 0 due reminders for user 6948701150
2025-03-15 14:24:58 - reminderbot - INFO - Retrieved 1 users from database
2025-03-15 14:24:58 - reminderbot - INFO - Retrieved 0 due reminders for user 6948701150
2025-03-15 14:25:58 - reminderbot - INFO - Retrieved 1 users from database
2025-03-15 14:25:58 - reminderbot - INFO - Retrieved 0 due reminders for user 6948701150
2025-03-15 14:26:58 - reminderbot - INFO - Retrieved 1 users from database
2025-03-15 14:26:58 - reminderbot - INFO - Retrieved 0 due reminders for user 6948701150
2025-03-15 14:27:58 - reminderbot - INFO - Retrieved 1 users from database
2025-03-15 14:27:58 - reminderbot - INFO - Retrieved 0 due reminders for user 6948701150
2025-03-15 14:28:58 - reminderbot - INFO - Retrieved 1 users from database
2025-03-15 14:28:58 - reminderbot - INFO - Retrieved 0 due reminders for user 6948701150
2025-03-15 14:29:58 - reminderbot - INFO - Retrieved 1 users from database
2025-03-15 14:29:58 - reminderbot - INFO - Retrieved 0 due reminders for user 6948701150
2025-03-15 14:30:58 - reminderbot - INFO - Retrieved 1 users from database
2025-03-15 14:30:58 - reminderbot - INFO - Retrieved 0 due reminders for user 6948701150
2025-03-15 14:31:58 - reminderbot - INFO - Retrieved 1 users from database
2025-03-15 14:31:58 - reminderbot - INFO - Retrieved 0 due reminders for user 6948701150
2025-03-15 14:32:58 - reminderbot - INFO - Retrieved 1 users from database
2025-03-15 14:32:58 - reminderbot - INFO - Retrieved 0 due reminders for user 6948701150
2025-03-15 14:33:58 - reminderbot - INFO - Retrieved 1 users from database
2025-03-15 14:33:58 - reminderbot - INFO - Retrieved 0 due reminders for user 6948701150
2025-03-15 14:34:58 - reminderbot - INFO - Retrieved 1 users from database
2025-03-15 14:34:58 - reminderbot - INFO - Retrieved 0 due reminders for user 6948701150
2025-03-15 14:35:58 - reminderbot - INFO - Retrieved 1 users from database
2025-03-15 14:35:58 - reminderbot - INFO - Retrieved 0 due reminders for user 6948701150
2025-03-15 14:36:58 - reminderbot - INFO - Retrieved 1 users from database
2025-03-15 14:36:58 - reminderbot - INFO - Retrieved 0 due reminders for user 6948701150
2025-03-15 14:37:58 - reminderbot - INFO - Retrieved 1 users from database
2025-03-15 14:37:58 - reminderbot - INFO - Retrieved 0 due reminders for user 6948701150
2025-03-15 14:38:58 - reminderbot - INFO - Retrieved 1 users from database
2025-03-15 14:38:58 - reminderbot - INFO - Retrieved 0 due reminders for user 6948701150
2025-03-15 14:39:58 - reminderbot - INFO - Retrieved 1 users from database
2025-03-15 14:39:58 - reminderbot - INFO - Retrieved 0 due reminders for user 6948701150
2025-03-15 14:40:58 - reminderbot - INFO - Retrieved 1 users from database
2025-03-15 14:40:58 - reminderbot - INFO - Retrieved 0 due reminders for user 6948701150
2025-03-15 14:41:58 - reminderbot - INFO - Retrieved 1 users from database
2025-03-15 14:41:58 - reminderbot - INFO - Retrieved 0 due reminders for user 6948701150
2025-03-15 14:42:58 - reminderbot - INFO - Retrieved 1 users from database
2025-03-15 14:42:58 - reminderbot - INFO - Retrieved 0 due reminders for user 6948701150
2025-03-15 14:43:58 - reminderbot - INFO - Retrieved 1 users from database
2025-03-15 14:43:58 - reminderbot - INFO - Retrieved 0 due reminders for user 6948701150
2025-03-15 14:44:58 - reminderbot - INFO - Retrieved 1 users from database
2025-03-15 14:44:58 - reminderbot - INFO - Retrieved 0 due reminders for user 6948701150
2025-03-15 14:45:58 - reminderbot - INFO - Retrieved 1 users from database
2025-03-15 14:45:58 - reminderbot - INFO - Retrieved 0 due reminders for user 6948701150
2025-03-15 14:46:58 - reminderbot - INFO - Retrieved 1 users from database
2025-03-15 14:46:58 - reminderbot - INFO - Retrieved 0 due reminders for user 6948701150
2025-03-15 14:47:58 - reminderbot - INFO - Retrieved 1 users from database
2025-03-15 14:47:58 - reminderbot - INFO - Retrieved 0 due reminders for user 6948701150
2025-03-15 14:48:58 - reminderbot - INFO - Retrieved 1 users from database
2025-03-15 14:48:58 - reminderbot - INFO - Retrieved 0 due reminders for user 6948701150
2025-03-15 14:49:58 - reminderbot - INFO - Retrieved 1 users from database
2025-03-15 14:49:58 - reminderbot - INFO - Retrieved 0 due reminders for user 6948701150
2025-03-15 14:50:58 - reminderbot - INFO - Retrieved 1 users from database
2025-03-15 14:50:58 - reminderbot - INFO - Retrieved 0 due reminders for user 6948701150
2025-03-15 14:51:58 - reminderbot - INFO - Retrieved 1 users from database
2025-03-15 14:51:58 - reminderbot - INFO - Retrieved 0 due reminders for user 6948701150
2025-03-15 14:52:58 - reminderbot - INFO - Retrieved 1 users from database
2025-03-15 14:52:58 - reminderbot - INFO - Retrieved 0 due reminders for user 6948701150
2025-03-15 14:53:58 - reminderbot - INFO - Retrieved 1 users from database
2025-03-15 14:53:58 - reminderbot - INFO - Retrieved 0 due reminders for user 6948701150
2025-03-15 14:54:58 - reminderbot - INFO - Retrieved 1 users from database
2025-03-15 14:54:58 - reminderbot - INFO - Retrieved 0 due reminders for user 6948701150
2025-03-15 14:55:58 - reminderbot - INFO - Retrieved 1 users from database
2025-03-15 14:55:58 - reminderbot - INFO - Retrieved 0 due reminders for user 6948701150
2025-03-15 14:56:58 - reminderbot - INFO - Retrieved 1 users from database
2025-03-15 14:56:58 - reminderbot - INFO - Retrieved 0 due reminders for user 6948701150
2025-03-15 14:57:58 - reminderbot - INFO - Retrieved 1 users from database
2025-03-15 14:57:58 - reminderbot - INFO - Retrieved 0 due reminders for user 6948701150
2025-03-15 14:58:58 - reminderbot - INFO - Retrieved 1 users from database
2025-03-15 14:58:58 - reminderbot - INFO - Retrieved 0 due reminders for user 6948701150
2025-03-15 14:59:58 - reminderbot - INFO - Retrieved 1 users from database
2025-03-15 14:59:58 - reminderbot - INFO - Retrieved 0 due reminders for user 6948701150
2025-03-15 15:00:58 - reminderbot - INFO - Retrieved 1 users from database
2025-03-15 15:00:58 - reminderbot - INFO - Retrieved 0 due reminders for user 6948701150
2025-03-15 15:01:58 - reminderbot - INFO - Retrieved 1 users from database
2025-03-15 15:01:58 - reminderbot - INFO - Retrieved 0 due reminders for user 6948701150
2025-03-15 15:02:58 - reminderbot - INFO - Retrieved 1 users from database
2025-03-15 15:02:58 - reminderbot - INFO - Retrieved 0 due reminders for user 6948701150
2025-03-15 15:03:58 - reminderbot - INFO - Retrieved 1 users from database
2025-03-15 15:03:58 - reminderbot - INFO - Retrieved 0 due reminders for user 6948701150
2025-03-15 15:04:58 - reminderbot - INFO - Retrieved 1 users from database
2025-03-15 15:04:58 - reminderbot - INFO - Retrieved 0 due reminders for user 6948701150
2025-03-15 15:05:58 - reminderbot - INFO - Retrieved 1 users from database
2025-03-15 15:05:58 - reminderbot - INFO - Retrieved 0 due reminders for user 6948701150
2025-03-15 15:06:58 - reminderbot - INFO - Retrieved 1 users from database
2025-03-15 15:06:58 - reminderbot - INFO - Retrieved 0 due reminders for user 6948701150
2025-03-15 15:07:58 - reminderbot - INFO - Retrieved 1 users from database
2025-03-15 15:07:58 - reminderbot - INFO - Retrieved 0 due reminders for user 6948701150
2025-03-15 15:08:58 - reminderbot - INFO - Retrieved 1 users from database
2025-03-15 15:08:58 - reminderbot - INFO - Retrieved 0 due reminders for user 6948701150
2025-03-15 15:09:58 - reminderbot - INFO - Retrieved 1 users from database
2025-03-15 15:09:58 - reminderbot - INFO - Retrieved 0 due reminders for user 6948701150
2025-03-15 15:10:58 - reminderbot - INFO - Retrieved 1 users from database
2025-03-15 15:10:58 - reminderbot - INFO - Retrieved 0 due reminders for user 6948701150
2025-03-15 15:11:58 - reminderbot - INFO - Retrieved 1 users from database
2025-03-15 15:11:58 - reminderbot - INFO - Retrieved 0 due reminders for user 6948701150
2025-03-15 15:12:58 - reminderbot - INFO - Retrieved 1 users from database
2025-03-15 15:12:58 - reminderbot - INFO - Retrieved 0 due reminders for user 6948701150
2025-03-15 15:13:58 - reminderbot - INFO - Retrieved 1 users from database
2025-03-15 15:13:58 - reminderbot - INFO - Retrieved 0 due reminders for user 6948701150
2025-03-15 15:14:58 - reminderbot - INFO - Retrieved 1 users from database
2025-03-15 15:14:58 - reminderbot - INFO - Retrieved 0 due reminders for user 6948701150
2025-03-15 15:15:58 - reminderbot - INFO - Retrieved 1 users from database
2025-03-15 15:15:58 - reminderbot - INFO - Retrieved 0 due reminders for user 6948701150
2025-03-15 15:16:58 - reminderbot - INFO - Retrieved 1 users from database
2025-03-15 15:16:58 - reminderbot - INFO - Retrieved 0 due reminders for user 6948701150
2025-03-15 15:17:58 - reminderbot - INFO - Retrieved 1 users from database
2025-03-15 15:17:58 - reminderbot - INFO - Retrieved 0 due reminders for user 6948701150
2025-03-15 15:18:58 - reminderbot - INFO - Retrieved 1 users from database
2025-03-15 15:18:58 - reminderbot - INFO - Retrieved 0 due reminders for user 6948701150
2025-03-15 15:19:58 - reminderbot - INFO - Retrieved 1 users from database
2025-03-15 15:19:58 - reminderbot - INFO - Retrieved 0 due reminders for user 6948701150
2025-03-15 15:20:58 - reminderbot - INFO - Retrieved 1 users from database
2025-03-15 15:20:58 - reminderbot - INFO - Retrieved 0 due reminders for user 6948701150
2025-03-15 15:21:58 - reminderbot - INFO - Retrieved 1 users from database
2025-03-15 15:21:58 - reminderbot - INFO - Retrieved 0 due reminders for user 6948701150
2025-03-15 15:22:58 - reminderbot - INFO - Retrieved 1 users from database
2025-03-15 15:22:58 - reminderbot - INFO - Retrieved 0 due reminders for user 6948701150
2025-03-15 15:23:58 - reminderbot - INFO - Retrieved 1 users from database
2025-03-15 15:23:58 - reminderbot - INFO - Retrieved 0 due reminders for user 6948701150
2025-03-15 15:24:58 - reminderbot - INFO - Retrieved 1 users from database
2025-03-15 15:24:58 - reminderbot - INFO - Retrieved 0 due reminders for user 6948701150
2025-03-15 15:25:58 - reminderbot - INFO - Retrieved 1 users from database
2025-03-15 15:25:58 - reminderbot - INFO - Retrieved 0 due reminders for user 6948701150
2025-03-15 15:26:58 - reminderbot - INFO - Retrieved 1 users from database
2025-03-15 15:26:58 - reminderbot - INFO - Retrieved 0 due reminders for user 6948701150
2025-03-15 15:27:58 - reminderbot - INFO - Retrieved 1 users from database
2025-03-15 15:27:58 - reminderbot - INFO - Retrieved 0 due reminders for user 6948701150
2025-03-15 15:28:58 - reminderbot - INFO - Retrieved 1 users from database
2025-03-15 15:28:58 - reminderbot - INFO - Retrieved 0 due reminders for user 6948701150
2025-03-15 15:29:58 - reminderbot - INFO - Retrieved 1 users from database
2025-03-15 15:29:58 - reminderbot - INFO - Retrieved 0 due reminders for user 6948701150
2025-03-15 15:30:58 - reminderbot - INFO - Retrieved 1 users from database
2025-03-15 15:30:58 - reminderbot - INFO - Retrieved 0 due reminders for user 6948701150
2025-03-15 15:31:58 - reminderbot - INFO - Retrieved 1 users from database
2025-03-15 15:31:58 - reminderbot - INFO - Retrieved 0 due reminders for user 6948701150
2025-03-15 15:32:58 - reminderbot - INFO - Retrieved 1 users from database
2025-03-15 15:32:58 - reminderbot - INFO - Retrieved 0 due reminders for user 6948701150
2025-03-15 15:33:58 - reminderbot - INFO - Retrieved 1 users from database
2025-03-15 15:33:58 - reminderbot - INFO - Retrieved 0 due reminders for user 6948701150
2025-03-15 15:34:58 - reminderbot - INFO - Retrieved 1 users from database
2025-03-15 15:34:58 - reminderbot - INFO - Retrieved 0 due reminders for user 6948701150
2025-03-15 15:35:58 - reminderbot - INFO - Retrieved 1 users from database
2025-03-15 15:35:58 - reminderbot - INFO - Retrieved 0 due reminders for user 6948701150
2025-03-15 15:36:58 - reminderbot - INFO - Retrieved 1 users from database
2025-03-15 15:36:58 - reminderbot - INFO - Retrieved 0 due reminders for user 6948701150
2025-03-15 15:37:58 - reminderbot - INFO - Retrieved 1 users from database
2025-03-15 15:37:58 - reminderbot - INFO - Retrieved 0 due reminders for user 6948701150
2025-03-15 15:38:58 - reminderbot - INFO - Retrieved 1 users from database
2025-03-15 15:38:58 - reminderbot - INFO - Retrieved 0 due reminders for user 6948701150
2025-03-15 15:39:44 - reminderbot - INFO - Notification manager stopped
2025-03-15 15:39:44 - reminderbot - INFO - Notification manager stopped
2025-03-15 15:39:44 - reminderbot - INFO - Database connection closed
2025-03-15 15:39:44 - reminderbot - INFO - ReminderBot stopped
